This file contains any messages produced by compilers while
running configure, to aid debugging if configure makes a mistake.

It was created by thirdAssignment configure 1.0, which was
generated by GNU Autoconf 2.69.  Invocation command line was

  $ /home/grosalex/workspace/thirdAssignment/configure 

## --------- ##
## Platform. ##
## --------- ##

hostname = localhost.localdomain
uname -m = x86_64
uname -r = 3.11.4-101.fc18.x86_64
uname -s = Linux
uname -v = #1 SMP Thu Oct 10 14:05:32 UTC 2013

/usr/bin/uname -p = x86_64
/bin/uname -X     = unknown

/bin/arch              = x86_64
/usr/bin/arch -k       = unknown
/usr/convex/getsysinfo = unknown
/usr/bin/hostinfo      = unknown
/bin/machine           = unknown
/usr/bin/oslevel       = unknown
/bin/universe          = unknown

PATH: /usr/lib64/qt-3.3/bin
PATH: /usr/local/bin
PATH: /usr/bin
PATH: /bin
PATH: /usr/local/sbin
PATH: /usr/sbin
PATH: /home/grosalex/.local/bin
PATH: /home/grosalex/bin


## ----------- ##
## Core tests. ##
## ----------- ##

configure:1829: checking build system type
configure:1843: result: x86_64-unknown-linux-gnu
configure:1863: checking host system type
configure:1876: result: x86_64-unknown-linux-gnu
configure:1896: checking target system type
configure:1909: result: x86_64-unknown-linux-gnu
configure:1952: checking for a BSD-compatible install
configure:2020: result: /usr/bin/install -c
configure:2031: checking whether build environment is sane
configure:2086: result: yes
configure:2237: checking for a thread-safe mkdir -p
configure:2276: result: /usr/bin/mkdir -p
configure:2283: checking for gawk
configure:2299: found /usr/bin/gawk
configure:2310: result: gawk
configure:2321: checking whether make sets $(MAKE)
configure:2343: result: yes
configure:2488: checking for g++
configure:2504: found /usr/bin/g++
configure:2515: result: g++
configure:2542: checking for C++ compiler version
configure:2551: g++ --version >&5
g++ (GCC) 4.7.2 20121109 (Red Hat 4.7.2-8)
Copyright (C) 2012 Free Software Foundation, Inc.
This is free software; see the source for copying conditions.  There is NO
warranty; not even for MERCHANTABILITY or FITNESS FOR A PARTICULAR PURPOSE.

configure:2562: $? = 0
configure:2551: g++ -v >&5
Using built-in specs.
COLLECT_GCC=g++
COLLECT_LTO_WRAPPER=/usr/libexec/gcc/x86_64-redhat-linux/4.7.2/lto-wrapper
Target: x86_64-redhat-linux
Configured with: ../configure --prefix=/usr --mandir=/usr/share/man --infodir=/usr/share/info --with-bugurl=http://bugzilla.redhat.com/bugzilla --enable-bootstrap --enable-shared --enable-threads=posix --enable-checking=release --disable-build-with-cxx --disable-build-poststage1-with-cxx --with-system-zlib --enable-__cxa_atexit --disable-libunwind-exceptions --enable-gnu-unique-object --enable-linker-build-id --with-linker-hash-style=gnu --enable-languages=c,c++,objc,obj-c++,java,fortran,ada,go,lto --enable-plugin --enable-initfini-array --enable-java-awt=gtk --disable-dssi --with-java-home=/usr/lib/jvm/java-1.5.0-gcj-1.5.0.0/jre --enable-libgcj-multifile --enable-java-maintainer-mode --with-ecj-jar=/usr/share/java/eclipse-ecj.jar --disable-libjava-multilib --with-ppl --with-cloog --with-tune=generic --with-arch_32=i686 --build=x86_64-redhat-linux
Thread model: posix
gcc version 4.7.2 20121109 (Red Hat 4.7.2-8) (GCC) 
configure:2562: $? = 0
configure:2551: g++ -V >&5
g++: error: unrecognized command line option '-V'
g++: fatal error: no input files
compilation terminated.
configure:2562: $? = 4
configure:2551: g++ -qversion >&5
g++: error: unrecognized command line option '-qversion'
g++: fatal error: no input files
compilation terminated.
configure:2562: $? = 4
configure:2582: checking whether the C++ compiler works
configure:2604: g++    conftest.cpp  >&5
configure:2608: $? = 0
configure:2656: result: yes
configure:2659: checking for C++ compiler default output file name
configure:2661: result: a.out
configure:2667: checking for suffix of executables
configure:2674: g++ -o conftest    conftest.cpp  >&5
configure:2678: $? = 0
configure:2700: result: 
configure:2722: checking whether we are cross compiling
configure:2730: g++ -o conftest    conftest.cpp  >&5
configure:2734: $? = 0
configure:2741: ./conftest
configure:2745: $? = 0
configure:2760: result: no
configure:2765: checking for suffix of object files
configure:2787: g++ -c   conftest.cpp >&5
configure:2791: $? = 0
configure:2812: result: o
configure:2816: checking whether we are using the GNU C++ compiler
configure:2835: g++ -c   conftest.cpp >&5
configure:2835: $? = 0
configure:2844: result: yes
configure:2853: checking whether g++ accepts -g
configure:2873: g++ -c -g  conftest.cpp >&5
configure:2873: $? = 0
configure:2914: result: yes
configure:2948: checking for style of include used by make
configure:2976: result: GNU
configure:3002: checking dependency style of g++
configure:3113: result: gcc3
configure:3276: checking that generated files are newer than configure
configure:3282: result: done
configure:3305: creating ./config.status

## ---------------------- ##
## Running config.status. ##
## ---------------------- ##

This file was extended by thirdAssignment config.status 1.0, which was
generated by GNU Autoconf 2.69.  Invocation command line was

  CONFIG_FILES    = 
  CONFIG_HEADERS  = 
  CONFIG_LINKS    = 
  CONFIG_COMMANDS = 
  $ ./config.status 

on localhost.localdomain

config.status:781: creating Makefile
config.status:781: creating src/Makefile
config.status:938: executing depfiles commands

## ---------------- ##
## Cache variables. ##
## ---------------- ##

ac_cv_build=x86_64-unknown-linux-gnu
ac_cv_cxx_compiler_gnu=yes
ac_cv_env_CCC_set=
ac_cv_env_CCC_value=
ac_cv_env_CPPFLAGS_set=
ac_cv_env_CPPFLAGS_value=
ac_cv_env_CXXFLAGS_set=
ac_cv_env_CXXFLAGS_value=
ac_cv_env_CXX_set=
ac_cv_env_CXX_value=
ac_cv_env_LDFLAGS_set=
ac_cv_env_LDFLAGS_value=
ac_cv_env_LIBS_set=
ac_cv_env_LIBS_value=
ac_cv_env_build_alias_set=
ac_cv_env_build_alias_value=
ac_cv_env_host_alias_set=
ac_cv_env_host_alias_value=
ac_cv_env_target_alias_set=
ac_cv_env_target_alias_value=
ac_cv_host=x86_64-unknown-linux-gnu
ac_cv_objext=o
ac_cv_path_install='/usr/bin/install -c'
ac_cv_path_mkdir=/usr/bin/mkdir
ac_cv_prog_AWK=gawk
ac_cv_prog_ac_ct_CXX=g++
ac_cv_prog_cxx_g=yes
ac_cv_prog_make_make_set=yes
ac_cv_target=x86_64-unknown-linux-gnu
am_cv_CXX_dependencies_compiler_type=gcc3

## ----------------- ##
## Output variables. ##
## ----------------- ##

ACLOCAL='${SHELL} /home/grosalex/workspace/thirdAssignment/missing --run aclocal-1.12'
AMDEPBACKSLASH='\'
AMDEP_FALSE='#'
AMDEP_TRUE=''
AMTAR='$${TAR-tar}'
AUTOCONF='${SHELL} /home/grosalex/workspace/thirdAssignment/missing --run autoconf'
AUTOHEADER='${SHELL} /home/grosalex/workspace/thirdAssignment/missing --run autoheader'
AUTOMAKE='${SHELL} /home/grosalex/workspace/thirdAssignment/missing --run automake-1.12'
AWK='gawk'
CPPFLAGS=''
CXX='g++'
CXXDEPMODE='depmode=gcc3'
CXXFLAGS='-g -O2'
CYGPATH_W='echo'
DEFS='-DPACKAGE_NAME=\"thirdAssignment\" -DPACKAGE_TARNAME=\"thirdassignment\" -DPACKAGE_VERSION=\"1.0\" -DPACKAGE_STRING=\"thirdAssignment\ 1.0\" -DPACKAGE_BUGREPORT=\"\" -DPACKAGE_URL=\"\" -DPACKAGE=\"thirdassignment\" -DVERSION=\"1.0\"'
DEPDIR='.deps'
ECHO_C=''
ECHO_N='-n'
ECHO_T=''
EXEEXT=''
INSTALL_DATA='${INSTALL} -m 644'
INSTALL_PROGRAM='${INSTALL}'
INSTALL_SCRIPT='${INSTALL}'
INSTALL_STRIP_PROGRAM='$(install_sh) -c -s'
LDFLAGS=''
LIBOBJS=''
LIBS=''
LTLIBOBJS=''
MAKEINFO='${SHELL} /home/grosalex/workspace/thirdAssignment/missing --run makeinfo'
MKDIR_P='/usr/bin/mkdir -p'
OBJEXT='o'
PACKAGE='thirdassignment'
PACKAGE_BUGREPORT=''
PACKAGE_NAME='thirdAssignment'
PACKAGE_STRING='thirdAssignment 1.0'
PACKAGE_TARNAME='thirdassignment'
PACKAGE_URL=''
PACKAGE_VERSION='1.0'
PATH_SEPARATOR=':'
SET_MAKE=''
SHELL='/bin/sh'
STRIP=''
VERSION='1.0'
ac_ct_CXX='g++'
am__EXEEXT_FALSE=''
am__EXEEXT_TRUE='#'
am__fastdepCXX_FALSE='#'
am__fastdepCXX_TRUE=''
am__include='include'
am__isrc=' -I$(srcdir)'
am__leading_dot='.'
am__nodep='_no'
am__quote=''
am__tar='$${TAR-tar} chof - "$$tardir"'
am__untar='$${TAR-tar} xf -'
bindir='${exec_prefix}/bin'
build='x86_64-unknown-linux-gnu'
build_alias=''
build_cpu='x86_64'
build_os='linux-gnu'
build_vendor='unknown'
datadir='${datarootdir}'
datarootdir='${prefix}/share'
docdir='${datarootdir}/doc/${PACKAGE_TARNAME}'
dvidir='${docdir}'
exec_prefix='${prefix}'
host='x86_64-unknown-linux-gnu'
host_alias=''
host_cpu='x86_64'
host_os='linux-gnu'
host_vendor='unknown'
htmldir='${docdir}'
includedir='${prefix}/include'
infodir='${datarootdir}/info'
install_sh='${SHELL} /home/grosalex/workspace/thirdAssignment/install-sh'
libdir='${exec_prefix}/lib'
libexecdir='${exec_prefix}/libexec'
localedir='${datarootdir}/locale'
localstatedir='${prefix}/var'
mandir='${datarootdir}/man'
mkdir_p='$(MKDIR_P)'
oldincludedir='/usr/include'
pdfdir='${docdir}'
prefix='/usr/local'
program_transform_name='s,x,x,'
psdir='${docdir}'
sbindir='${exec_prefix}/sbin'
sharedstatedir='${prefix}/com'
sysconfdir='${prefix}/etc'
target='x86_64-unknown-linux-gnu'
target_alias=''
target_cpu='x86_64'
target_os='linux-gnu'
target_vendor='unknown'

## ----------- ##
## confdefs.h. ##
## ----------- ##

/* confdefs.h */
#define PACKAGE_NAME "thirdAssignment"
#define PACKAGE_TARNAME "thirdassignment"
#define PACKAGE_VERSION "1.0"
#define PACKAGE_STRING "thirdAssignment 1.0"
#define PACKAGE_BUGREPORT ""
#define PACKAGE_URL ""
#define PACKAGE "thirdassignment"
#define VERSION "1.0"

configure: exit 0
